2018-09-11 20:15:43 Connecting to database CsvJdbc () with *autoconnection=false
2018-09-11 20:15:43 Connecting to database Flicka () with *autoconnection=false
2018-09-11 20:15:43 Looking for parameters in externa file.
2018-09-11 20:15:43 Connecting to database SleOracle (SLEPLANC) with *autoconnection=true
2018-09-11 20:15:45 Connecting to database eTeam () with *autoconnection=false
2018-09-11 20:15:45 Plugin SLEPlanC found
2018-09-11 20:15:45 Plugin SLEPlanC.startPlugin() sucsefully
2018-09-11 20:15:51 Looking for parameters in externa file.
2018-09-11 20:16:00 No key field found for database table SLE_PLANC_GEN_ACCOUNT
2018-09-11 20:16:00 Database table SLE_PLANC_GEN_ACCOUNT keys fields alter by DBAccess.
2018-09-11 20:17:09 Looking for parameters in externa file.
2018-09-11 20:17:37 null
java.lang.NullPointerException
	at core.datasource.DBAccess.<init>(DBAccess.java:84)
	at core.datasource.ConnectionManager.getAccessTo(ConnectionManager.java:241)
	at core.datasource.SystemVariables.getObject(SystemVariables.java:100)
	at core.datasource.SystemVariables.getStringVar(SystemVariables.java:76)
	at core.Session.setUser(Session.java:184)
	at core.datasource.ConnectionManager.getConnection(ConnectionManager.java:211)
	at core.datasource.DBAccess.exist(DBAccess.java:312)
	at plugin.planc.dashboard.AmountViewerTask.processRecord(AmountViewerTask.java:177)
	at plugin.planc.dashboard.AmountViewerTask.call(AmountViewerTask.java:150)
	at plugin.planc.dashboard.AmountViewerTask.call(AmountViewerTask.java:1)
	at java.util.concurrent.FutureTask.run(Unknown Source)
	at java.util.concurrent.ThreadPoolExecutor.runWorker(Unknown Source)
	at java.util.concurrent.ThreadPoolExecutor$Worker.run(Unknown Source)
	at java.lang.Thread.run(Unknown Source)

